Построение начато 28.03.2016 14:13:21.
     1>Проект "C:\Users\Михаил\documents\visual studio 2010\Projects\23a 1pologit (vector)\23a 1pologit (vector)\23a 1pologit (vector).vcxproj" в узле 2 (целевые объекты build).
     1>InitializeBuildStatus:
         Создание "Debug\23a 1pologit (vector).unsuccessfulbuild", так как было задано "AlwaysCreate".
       GenerateTargetFrameworkMonikerAttribute:
       Целевой объект "GenerateTargetFrameworkMonikerAttribute" пропускается, так как все выходные файлы актуальны по отношению к входным.
       ClCompile:
         Для всех выходных данных обновления не требуется.
         C:\Program Files\Microsoft Visual Studio 10.0\VC\bin\CL.exe /c /AI"C:\Program Files\Reference Assemblies\Microsoft\Framework\.NETFramework\v4.0" /Zi /clr /nologo /W3 /WX- /Od /Oy- /D WIN32 /D _DEBUG /D _UNICODE /D UNICODE /EHa /MDd /GS /fp:precise /Zc:wchar_t /Zc:forScope /Yu"StdAfx.h" /Fp"Debug\23a 1pologit (vector).pch" /Fo"Debug\\" /Fd"Debug\vc100.pdb" /TP /FU"C:\Program Files\Reference Assemblies\Microsoft\Framework\.NETFramework\v4.0\System.Core.dll" /FU"C:\Program Files\Reference Assemblies\Microsoft\Framework\.NETFramework\v4.0\System.Data.dll" /FU"C:\Program Files\Reference Assemblies\Microsoft\Framework\.NETFramework\v4.0\System.dll" /FU"C:\Program Files\Reference Assemblies\Microsoft\Framework\.NETFramework\v4.0\System.Xml.dll" /analyze- /errorReport:prompt "23a 1pologit (vector).cpp" /clr:nostdlib 
         23a 1pologit (vector).cpp
     1>23a 1pologit (vector).cpp(14): warning C4244: аргумент: преобразование "time_t" в "unsigned int", возможна потеря данных
     1>23a 1pologit (vector).cpp(15): warning C4101: i: неиспользованная локальная переменная
         Для всех выходных данных обновления не требуется.
       ResourceCompile:
         Для всех выходных данных обновления не требуется.
       Link:
         C:\Program Files\Microsoft Visual Studio 10.0\VC\bin\link.exe /ERRORREPORT:PROMPT /OUT:"C:\Users\Михаил\documents\visual studio 2010\Projects\23a 1pologit (vector)\Debug\23a 1pologit (vector).exe" /INCREMENTAL /NOLOGO /MANIFEST /ManifestFile:"Debug\23a 1pologit (vector).exe.intermediate.manifest" /MANIFESTUAC:"level='asInvoker' uiAccess='false'" /DEBUG /PDB:"C:\Users\Михаил\documents\visual studio 2010\Projects\23a 1pologit (vector)\Debug\23a 1pologit (vector).pdb" /ASSEMBLYDEBUG /TLBID:1 /DYNAMICBASE /FIXED:NO /NXCOMPAT /MACHINE:X86 Debug\app.res
         "Debug\23a 1pologit (vector).obj"
         Debug\AssemblyInfo.obj
         Debug\stdafx.obj
         "Debug\.NETFramework,Version=v4.0.AssemblyAttributes.obj"
         23a 1pologit (vector).vcxproj -> C:\Users\Михаил\documents\visual studio 2010\Projects\23a 1pologit (vector)\Debug\23a 1pologit (vector).exe
       Manifest:
         C:\Program Files\Microsoft SDKs\Windows\v7.0A\bin\mt.exe /nologo /verbose /outputresource:"C:\Users\Михаил\documents\visual studio 2010\Projects\23a 1pologit (vector)\Debug\23a 1pologit (vector).exe;#1" /manifest "Debug\23a 1pologit (vector).exe.intermediate.manifest"
       FinalizeBuildStatus:
         Файл "Debug\23a 1pologit (vector).unsuccessfulbuild" удаляется.
         Обращение к "Debug\23a 1pologit (vector).lastbuildstate".
     1>Построение проекта "C:\Users\Михаил\documents\visual studio 2010\Projects\23a 1pologit (vector)\23a 1pologit (vector)\23a 1pologit (vector).vcxproj" завершено (целевые объекты build).

Построение успешно завершено.

Затраченное время: 00:00:03.51
