Построение начато 05.04.2016 22:08:49.
     1>Проект "c:\Users\Михаил\documents\visual studio 2010\Projects\38a\38a\38a.vcxproj" в узле 2 (целевые объекты build).
     1>InitializeBuildStatus:
         Создание "Debug\38a.unsuccessfulbuild", так как было задано "AlwaysCreate".
       GenerateTargetFrameworkMonikerAttribute:
       Целевой объект "GenerateTargetFrameworkMonikerAttribute" пропускается, так как все выходные файлы актуальны по отношению к входным.
       ClCompile:
         Для всех выходных данных обновления не требуется.
         C:\Program Files\Microsoft Visual Studio 10.0\VC\bin\CL.exe /c /AI"C:\Program Files\Reference Assemblies\Microsoft\Framework\.NETFramework\v4.0" /Zi /clr /nologo /W3 /WX- /Od /Oy- /D WIN32 /D _DEBUG /D _UNICODE /D UNICODE /EHa /MDd /GS /fp:precise /Zc:wchar_t /Zc:forScope /Yu"StdAfx.h" /Fp"Debug\38a.pch" /Fo"Debug\\" /Fd"Debug\vc100.pdb" /TP /FU"C:\Program Files\Reference Assemblies\Microsoft\Framework\.NETFramework\v4.0\System.Core.dll" /FU"C:\Program Files\Reference Assemblies\Microsoft\Framework\.NETFramework\v4.0\System.Data.dll" /FU"C:\Program Files\Reference Assemblies\Microsoft\Framework\.NETFramework\v4.0\System.dll" /FU"C:\Program Files\Reference Assemblies\Microsoft\Framework\.NETFramework\v4.0\System.Xml.dll" /analyze- /errorReport:prompt 38a.cpp /clr:nostdlib 
         38a.cpp
     1>38a.cpp(16): warning C4244: аргумент: преобразование "time_t" в "unsigned int", возможна потеря данных
         Для всех выходных данных обновления не требуется.
       ResourceCompile:
         Для всех выходных данных обновления не требуется.
       Link:
         C:\Program Files\Microsoft Visual Studio 10.0\VC\bin\link.exe /ERRORREPORT:PROMPT /OUT:"c:\users\михаил\documents\visual studio 2010\Projects\38a\Debug\38a.exe" /INCREMENTAL /NOLOGO /MANIFEST /ManifestFile:"Debug\38a.exe.intermediate.manifest" /MANIFESTUAC:"level='asInvoker' uiAccess='false'" /DEBUG /PDB:"c:\users\михаил\documents\visual studio 2010\Projects\38a\Debug\38a.pdb" /ASSEMBLYDEBUG /TLBID:1 /DYNAMICBASE /FIXED:NO /NXCOMPAT /MACHINE:X86 Debug\app.res
         Debug\38a.obj
         Debug\AssemblyInfo.obj
         Debug\stdafx.obj
         "Debug\.NETFramework,Version=v4.0.AssemblyAttributes.obj"
         38a.vcxproj -> c:\users\михаил\documents\visual studio 2010\Projects\38a\Debug\38a.exe
       Manifest:
         C:\Program Files\Microsoft SDKs\Windows\v7.0A\bin\mt.exe /nologo /verbose /outputresource:"c:\users\михаил\documents\visual studio 2010\Projects\38a\Debug\38a.exe;#1" /manifest Debug\38a.exe.intermediate.manifest
       FinalizeBuildStatus:
         Файл "Debug\38a.unsuccessfulbuild" удаляется.
         Обращение к "Debug\38a.lastbuildstate".
     1>Построение проекта "c:\Users\Михаил\documents\visual studio 2010\Projects\38a\38a\38a.vcxproj" завершено (целевые объекты build).

Построение успешно завершено.

Затраченное время: 00:00:01.58
