Построение начато 28.03.2016 14:29:45.
     1>Проект "C:\Users\Михаил\documents\visual studio 2010\Projects\41 pologit\41 pologit\41 pologit.vcxproj" в узле 2 (целевые объекты build).
     1>InitializeBuildStatus:
         Создание "Debug\41 pologit.unsuccessfulbuild", так как было задано "AlwaysCreate".
       GenerateTargetFrameworkMonikerAttribute:
       Целевой объект "GenerateTargetFrameworkMonikerAttribute" пропускается, так как все выходные файлы актуальны по отношению к входным.
       ClCompile:
         Для всех выходных данных обновления не требуется.
         C:\Program Files\Microsoft Visual Studio 10.0\VC\bin\CL.exe /c /AI"C:\Program Files\Reference Assemblies\Microsoft\Framework\.NETFramework\v4.0" /Zi /clr /nologo /W3 /WX- /Od /Oy- /D WIN32 /D _DEBUG /D _UNICODE /D UNICODE /EHa /MDd /GS /fp:precise /Zc:wchar_t /Zc:forScope /Yu"StdAfx.h" /Fp"Debug\41 pologit.pch" /Fo"Debug\\" /Fd"Debug\vc100.pdb" /TP /FU"C:\Program Files\Reference Assemblies\Microsoft\Framework\.NETFramework\v4.0\System.Core.dll" /FU"C:\Program Files\Reference Assemblies\Microsoft\Framework\.NETFramework\v4.0\System.Data.dll" /FU"C:\Program Files\Reference Assemblies\Microsoft\Framework\.NETFramework\v4.0\System.dll" /FU"C:\Program Files\Reference Assemblies\Microsoft\Framework\.NETFramework\v4.0\System.Xml.dll" /analyze- /errorReport:prompt "41 pologit.cpp" /clr:nostdlib 
         41 pologit.cpp
         Для всех выходных данных обновления не требуется.
       ResourceCompile:
         Для всех выходных данных обновления не требуется.
       Link:
         C:\Program Files\Microsoft Visual Studio 10.0\VC\bin\link.exe /ERRORREPORT:PROMPT /OUT:"C:\Users\Михаил\documents\visual studio 2010\Projects\41 pologit\Debug\41 pologit.exe" /INCREMENTAL /NOLOGO /MANIFEST /ManifestFile:"Debug\41 pologit.exe.intermediate.manifest" /MANIFESTUAC:"level='asInvoker' uiAccess='false'" /DEBUG /PDB:"C:\Users\Михаил\documents\visual studio 2010\Projects\41 pologit\Debug\41 pologit.pdb" /ASSEMBLYDEBUG /TLBID:1 /DYNAMICBASE /FIXED:NO /NXCOMPAT /MACHINE:X86 Debug\app.res
         "Debug\41 pologit.obj"
         Debug\AssemblyInfo.obj
         Debug\stdafx.obj
         "Debug\.NETFramework,Version=v4.0.AssemblyAttributes.obj"
         41 pologit.vcxproj -> C:\Users\Михаил\documents\visual studio 2010\Projects\41 pologit\Debug\41 pologit.exe
       Manifest:
         C:\Program Files\Microsoft SDKs\Windows\v7.0A\bin\mt.exe /nologo /verbose /outputresource:"C:\Users\Михаил\documents\visual studio 2010\Projects\41 pologit\Debug\41 pologit.exe;#1" /manifest "Debug\41 pologit.exe.intermediate.manifest"
       FinalizeBuildStatus:
         Файл "Debug\41 pologit.unsuccessfulbuild" удаляется.
         Обращение к "Debug\41 pologit.lastbuildstate".
     1>Построение проекта "C:\Users\Михаил\documents\visual studio 2010\Projects\41 pologit\41 pologit\41 pologit.vcxproj" завершено (целевые объекты build).

Построение успешно завершено.

Затраченное время: 00:00:02.10
