Построение начато 30.05.2016 12:32:34.
     1>Проект "C:\Users\Михаил\Documents\Visual Studio 2010\Projects\kr2\kr2\kr2.vcxproj" в узле 2 (целевые объекты build).
     1>InitializeBuildStatus:
         Создание "Debug\kr2.unsuccessfulbuild", так как было задано "AlwaysCreate".
       GenerateTargetFrameworkMonikerAttribute:
       Целевой объект "GenerateTargetFrameworkMonikerAttribute" пропускается, так как все выходные файлы актуальны по отношению к входным.
       ClCompile:
         Для всех выходных данных обновления не требуется.
         C:\Program Files\Microsoft Visual Studio 10.0\VC\bin\CL.exe /c /AI"C:\Program Files\Reference Assemblies\Microsoft\Framework\.NETFramework\v4.0" /Zi /clr /nologo /W3 /WX- /Od /Oy- /D WIN32 /D _DEBUG /D _UNICODE /D UNICODE /EHa /MDd /GS /fp:precise /Zc:wchar_t /Zc:forScope /Yu"StdAfx.h" /Fp"Debug\kr2.pch" /Fo"Debug\\" /Fd"Debug\vc100.pdb" /TP /FU"C:\Program Files\Reference Assemblies\Microsoft\Framework\.NETFramework\v4.0\System.Core.dll" /FU"C:\Program Files\Reference Assemblies\Microsoft\Framework\.NETFramework\v4.0\System.Data.dll" /FU"C:\Program Files\Reference Assemblies\Microsoft\Framework\.NETFramework\v4.0\System.dll" /FU"C:\Program Files\Reference Assemblies\Microsoft\Framework\.NETFramework\v4.0\System.Xml.dll" /analyze- /errorReport:prompt kr2.cpp /clr:nostdlib 
         kr2.cpp
     1>kr2.cpp(17): warning C4244: аргумент: преобразование "time_t" в "unsigned int", возможна потеря данных
         Для всех выходных данных обновления не требуется.
       ResourceCompile:
         Для всех выходных данных обновления не требуется.
       Link:
         C:\Program Files\Microsoft Visual Studio 10.0\VC\bin\link.exe /ERRORREPORT:PROMPT /OUT:"C:\Users\Михаил\Documents\Visual Studio 2010\Projects\kr2\Debug\kr2.exe" /INCREMENTAL /NOLOGO /MANIFEST /ManifestFile:"Debug\kr2.exe.intermediate.manifest" /MANIFESTUAC:"level='asInvoker' uiAccess='false'" /DEBUG /PDB:"C:\Users\Михаил\Documents\Visual Studio 2010\Projects\kr2\Debug\kr2.pdb" /ASSEMBLYDEBUG /TLBID:1 /DYNAMICBASE /FIXED:NO /NXCOMPAT /MACHINE:X86 Debug\app.res
         Debug\AssemblyInfo.obj
         Debug\kr2.obj
         Debug\stdafx.obj
         "Debug\.NETFramework,Version=v4.0.AssemblyAttributes.obj"
         kr2.vcxproj -> C:\Users\Михаил\Documents\Visual Studio 2010\Projects\kr2\Debug\kr2.exe
       Manifest:
         C:\Program Files\Microsoft SDKs\Windows\v7.0A\bin\mt.exe /nologo /verbose /outputresource:"C:\Users\Михаил\Documents\Visual Studio 2010\Projects\kr2\Debug\kr2.exe;#1" /manifest Debug\kr2.exe.intermediate.manifest
       FinalizeBuildStatus:
         Файл "Debug\kr2.unsuccessfulbuild" удаляется.
         Обращение к "Debug\kr2.lastbuildstate".
     1>Построение проекта "C:\Users\Михаил\Documents\Visual Studio 2010\Projects\kr2\kr2\kr2.vcxproj" завершено (целевые объекты build).

Построение успешно завершено.

Затраченное время: 00:00:02.46
