C:\USERS\Михаил\DOCUMENTS\VISUAL STUDIO 2010\PROJECTS\48\48\DEBUG\.NETFRAMEWORK,VERSION=V4.0.ASSEMBLYATTRIBUTES.OBJ
C:\USERS\Михаил\DOCUMENTS\VISUAL STUDIO 2010\PROJECTS\48\48\DEBUG\48.EXE.INTERMEDIATE.MANIFEST
C:\USERS\Михаил\DOCUMENTS\VISUAL STUDIO 2010\PROJECTS\48\48\DEBUG\48.OBJ
C:\USERS\Михаил\DOCUMENTS\VISUAL STUDIO 2010\PROJECTS\48\48\DEBUG\48.PCH
C:\Users\Михаил\documents\visual studio 2010\Projects\48\48\Debug\48.write.1.tlog
C:\USERS\Михаил\DOCUMENTS\VISUAL STUDIO 2010\PROJECTS\48\48\DEBUG\APP.RES
C:\USERS\Михаил\DOCUMENTS\VISUAL STUDIO 2010\PROJECTS\48\48\DEBUG\ASSEMBLYINFO.OBJ
C:\Users\Михаил\documents\visual studio 2010\Projects\48\48\Debug\cl.command.1.tlog
C:\Users\Михаил\documents\visual studio 2010\Projects\48\48\Debug\CL.read.1.tlog
C:\Users\Михаил\documents\visual studio 2010\Projects\48\48\Debug\CL.write.1.tlog
C:\Users\Михаил\documents\visual studio 2010\Projects\48\48\Debug\link.1776.read.1.tlog
C:\Users\Михаил\documents\visual studio 2010\Projects\48\48\Debug\link.1776.write.1.tlog
C:\Users\Михаил\documents\visual studio 2010\Projects\48\48\Debug\link.1776-cvtres.read.1.tlog
C:\Users\Михаил\documents\visual studio 2010\Projects\48\48\Debug\link.1776-cvtres.write.1.tlog
C:\Users\Михаил\documents\visual studio 2010\Projects\48\48\Debug\link.1876.read.1.tlog
C:\Users\Михаил\documents\visual studio 2010\Projects\48\48\Debug\link.1876.write.1.tlog
C:\Users\Михаил\documents\visual studio 2010\Projects\48\48\Debug\link.1876-cvtres.read.1.tlog
C:\Users\Михаил\documents\visual studio 2010\Projects\48\48\Debug\link.1876-cvtres.write.1.tlog
C:\Users\Михаил\documents\visual studio 2010\Projects\48\48\Debug\link.2052.read.1.tlog
C:\Users\Михаил\documents\visual studio 2010\Projects\48\48\Debug\link.2052.write.1.tlog
C:\Users\Михаил\documents\visual studio 2010\Projects\48\48\Debug\link.2052-cvtres.read.1.tlog
C:\Users\Михаил\documents\visual studio 2010\Projects\48\48\Debug\link.2052-cvtres.write.1.tlog
C:\Users\Михаил\documents\visual studio 2010\Projects\48\48\Debug\link.2068.read.1.tlog
C:\Users\Михаил\documents\visual studio 2010\Projects\48\48\Debug\link.2068.write.1.tlog
C:\Users\Михаил\documents\visual studio 2010\Projects\48\48\Debug\link.2068-cvtres.read.1.tlog
C:\Users\Михаил\documents\visual studio 2010\Projects\48\48\Debug\link.2068-cvtres.write.1.tlog
C:\Users\Михаил\documents\visual studio 2010\Projects\48\48\Debug\link.2636.read.1.tlog
C:\Users\Михаил\documents\visual studio 2010\Projects\48\48\Debug\link.2636.write.1.tlog
C:\Users\Михаил\documents\visual studio 2010\Projects\48\48\Debug\link.2636-cvtres.read.1.tlog
C:\Users\Михаил\documents\visual studio 2010\Projects\48\48\Debug\link.2636-cvtres.write.1.tlog
C:\Users\Михаил\documents\visual studio 2010\Projects\48\48\Debug\link.3328.read.1.tlog
C:\Users\Михаил\documents\visual studio 2010\Projects\48\48\Debug\link.3328.write.1.tlog
C:\Users\Михаил\documents\visual studio 2010\Projects\48\48\Debug\link.3328-cvtres.read.1.tlog
C:\Users\Михаил\documents\visual studio 2010\Projects\48\48\Debug\link.3328-cvtres.write.1.tlog
C:\Users\Михаил\documents\visual studio 2010\Projects\48\48\Debug\link.3608.read.1.tlog
C:\Users\Михаил\documents\visual studio 2010\Projects\48\48\Debug\link.3608.write.1.tlog
C:\Users\Михаил\documents\visual studio 2010\Projects\48\48\Debug\link.3608-cvtres.read.1.tlog
C:\Users\Михаил\documents\visual studio 2010\Projects\48\48\Debug\link.3608-cvtres.write.1.tlog
C:\Users\Михаил\documents\visual studio 2010\Projects\48\48\Debug\link.3836.read.1.tlog
C:\Users\Михаил\documents\visual studio 2010\Projects\48\48\Debug\link.3836.write.1.tlog
C:\Users\Михаил\documents\visual studio 2010\Projects\48\48\Debug\link.3836-cvtres.read.1.tlog
C:\Users\Михаил\documents\visual studio 2010\Projects\48\48\Debug\link.3836-cvtres.write.1.tlog
C:\Users\Михаил\documents\visual studio 2010\Projects\48\48\Debug\link.3904.read.1.tlog
C:\Users\Михаил\documents\visual studio 2010\Projects\48\48\Debug\link.3904.write.1.tlog
C:\Users\Михаил\documents\visual studio 2010\Projects\48\48\Debug\link.3904-cvtres.read.1.tlog
C:\Users\Михаил\documents\visual studio 2010\Projects\48\48\Debug\link.3904-cvtres.write.1.tlog
C:\Users\Михаил\documents\visual studio 2010\Projects\48\48\Debug\link.3912.read.1.tlog
C:\Users\Михаил\documents\visual studio 2010\Projects\48\48\Debug\link.3912.write.1.tlog
C:\Users\Михаил\documents\visual studio 2010\Projects\48\48\Debug\link.3912-cvtres.read.1.tlog
C:\Users\Михаил\documents\visual studio 2010\Projects\48\48\Debug\link.3912-cvtres.write.1.tlog
C:\Users\Михаил\documents\visual studio 2010\Projects\48\48\Debug\link.640.read.1.tlog
C:\Users\Михаил\documents\visual studio 2010\Projects\48\48\Debug\link.640.write.1.tlog
C:\Users\Михаил\documents\visual studio 2010\Projects\48\48\Debug\link.640-cvtres.read.1.tlog
C:\Users\Михаил\documents\visual studio 2010\Projects\48\48\Debug\link.640-cvtres.write.1.tlog
C:\Users\Михаил\documents\visual studio 2010\Projects\48\48\Debug\link.command.1.tlog
C:\Users\Михаил\documents\visual studio 2010\Projects\48\48\Debug\link.read.1.tlog
C:\Users\Михаил\documents\visual studio 2010\Projects\48\48\Debug\link.write.1.tlog
C:\Users\Михаил\documents\visual studio 2010\Projects\48\48\Debug\mt.command.1.tlog
C:\Users\Михаил\documents\visual studio 2010\Projects\48\48\Debug\mt.read.1.tlog
C:\Users\Михаил\documents\visual studio 2010\Projects\48\48\Debug\mt.write.1.tlog
C:\Users\Михаил\documents\visual studio 2010\Projects\48\48\Debug\rc.command.1.tlog
C:\Users\Михаил\documents\visual studio 2010\Projects\48\48\Debug\rc.read.1.tlog
C:\Users\Михаил\documents\visual studio 2010\Projects\48\48\Debug\rc.write.1.tlog
C:\USERS\Михаил\DOCUMENTS\VISUAL STUDIO 2010\PROJECTS\48\48\DEBUG\STDAFX.OBJ
C:\USERS\МИХАИЛ\DOCUMENTS\VISUAL STUDIO 2010\PROJECTS\48\48\DEBUG\VC100.PDB
C:\USERS\Михаил\DOCUMENTS\VISUAL STUDIO 2010\PROJECTS\48\DEBUG\48.EXE
C:\USERS\Михаил\DOCUMENTS\VISUAL STUDIO 2010\PROJECTS\48\DEBUG\48.ILK
C:\USERS\МИХАИЛ\DOCUMENTS\VISUAL STUDIO 2010\PROJECTS\48\DEBUG\48.PDB
