Построение начато 04.04.2016 7:26:42.
     1>Проект "C:\Users\Михаил\documents\visual studio 2010\Projects\48\48\48.vcxproj" в узле 2 (целевые объекты build).
     1>InitializeBuildStatus:
         Создание "Debug\48.unsuccessfulbuild", так как было задано "AlwaysCreate".
       GenerateTargetFrameworkMonikerAttribute:
       Целевой объект "GenerateTargetFrameworkMonikerAttribute" пропускается, так как все выходные файлы актуальны по отношению к входным.
       ClCompile:
         Для всех выходных данных обновления не требуется.
         C:\Program Files\Microsoft Visual Studio 10.0\VC\bin\CL.exe /c /AI"C:\Program Files\Reference Assemblies\Microsoft\Framework\.NETFramework\v4.0" /Zi /clr /nologo /W3 /WX- /Od /Oy- /D WIN32 /D _DEBUG /D _UNICODE /D UNICODE /EHa /MDd /GS /fp:precise /Zc:wchar_t /Zc:forScope /Yu"StdAfx.h" /Fp"Debug\48.pch" /Fo"Debug\\" /Fd"Debug\vc100.pdb" /TP /FU"C:\Program Files\Reference Assemblies\Microsoft\Framework\.NETFramework\v4.0\System.Core.dll" /FU"C:\Program Files\Reference Assemblies\Microsoft\Framework\.NETFramework\v4.0\System.Data.dll" /FU"C:\Program Files\Reference Assemblies\Microsoft\Framework\.NETFramework\v4.0\System.dll" /FU"C:\Program Files\Reference Assemblies\Microsoft\Framework\.NETFramework\v4.0\System.Xml.dll" /analyze- /errorReport:prompt 48.cpp /clr:nostdlib 
         48.cpp
         Для всех выходных данных обновления не требуется.
       ResourceCompile:
         Для всех выходных данных обновления не требуется.
       Link:
         C:\Program Files\Microsoft Visual Studio 10.0\VC\bin\link.exe /ERRORREPORT:PROMPT /OUT:"C:\Users\Михаил\documents\visual studio 2010\Projects\48\Debug\48.exe" /INCREMENTAL /NOLOGO /MANIFEST /ManifestFile:"Debug\48.exe.intermediate.manifest" /MANIFESTUAC:"level='asInvoker' uiAccess='false'" /DEBUG /PDB:"C:\Users\Михаил\documents\visual studio 2010\Projects\48\Debug\48.pdb" /ASSEMBLYDEBUG /TLBID:1 /DYNAMICBASE /FIXED:NO /NXCOMPAT /MACHINE:X86 Debug\app.res
         Debug\48.obj
         Debug\AssemblyInfo.obj
         Debug\stdafx.obj
         "Debug\.NETFramework,Version=v4.0.AssemblyAttributes.obj"
         48.vcxproj -> C:\Users\Михаил\documents\visual studio 2010\Projects\48\Debug\48.exe
       Manifest:
         C:\Program Files\Microsoft SDKs\Windows\v7.0A\bin\mt.exe /nologo /verbose /outputresource:"C:\Users\Михаил\documents\visual studio 2010\Projects\48\Debug\48.exe;#1" /manifest Debug\48.exe.intermediate.manifest
       FinalizeBuildStatus:
         Файл "Debug\48.unsuccessfulbuild" удаляется.
         Обращение к "Debug\48.lastbuildstate".
     1>Построение проекта "C:\Users\Михаил\documents\visual studio 2010\Projects\48\48\48.vcxproj" завершено (целевые объекты build).

Построение успешно завершено.

Затраченное время: 00:00:04.31
