Построение начато 19.10.2015 21:00:13.
     1>Проект "C:\Users\Михаил\Documents\Visual Studio 2010\Projects\pomenyala\pomenyala\pomenyala.vcxproj" в узле 2 (целевые объекты build).
     1>InitializeBuildStatus:
         Создание "Debug\pomenyala.unsuccessfulbuild", так как было задано "AlwaysCreate".
       GenerateTargetFrameworkMonikerAttribute:
       Целевой объект "GenerateTargetFrameworkMonikerAttribute" пропускается, так как все выходные файлы актуальны по отношению к входным.
       ClCompile:
         Для всех выходных данных обновления не требуется.
         C:\Program Files\Microsoft Visual Studio 10.0\VC\bin\CL.exe /c /AI"C:\Program Files\Reference Assemblies\Microsoft\Framework\.NETFramework\v4.0" /Zi /clr /nologo /W3 /WX- /Od /Oy- /D WIN32 /D _DEBUG /D _UNICODE /D UNICODE /EHa /MDd /GS /fp:precise /Zc:wchar_t /Zc:forScope /Yu"StdAfx.h" /Fp"Debug\pomenyala.pch" /Fo"Debug\\" /Fd"Debug\vc100.pdb" /TP /FU"C:\Program Files\Reference Assemblies\Microsoft\Framework\.NETFramework\v4.0\System.Core.dll" /FU"C:\Program Files\Reference Assemblies\Microsoft\Framework\.NETFramework\v4.0\System.Data.dll" /FU"C:\Program Files\Reference Assemblies\Microsoft\Framework\.NETFramework\v4.0\System.dll" /FU"C:\Program Files\Reference Assemblies\Microsoft\Framework\.NETFramework\v4.0\System.Xml.dll" /analyze- /errorReport:prompt pomenyala.cpp /clr:nostdlib 
         pomenyala.cpp
     1>pomenyala.cpp(18): warning C4244: =: преобразование "double" в "int", возможна потеря данных
     1>pomenyala.cpp(20): warning C4244: =: преобразование "double" в "int", возможна потеря данных
     1>pomenyala.cpp(23): warning C4244: =: преобразование "double" в "int", возможна потеря данных
         Для всех выходных данных обновления не требуется.
       ResourceCompile:
         Для всех выходных данных обновления не требуется.
       Link:
         C:\Program Files\Microsoft Visual Studio 10.0\VC\bin\link.exe /ERRORREPORT:PROMPT /OUT:"C:\Users\Михаил\Documents\Visual Studio 2010\Projects\pomenyala\Debug\pomenyala.exe" /INCREMENTAL /NOLOGO /MANIFEST /ManifestFile:"Debug\pomenyala.exe.intermediate.manifest" /MANIFESTUAC:"level='asInvoker' uiAccess='false'" /DEBUG /PDB:"C:\Users\Михаил\Documents\Visual Studio 2010\Projects\pomenyala\Debug\pomenyala.pdb" /ASSEMBLYDEBUG /TLBID:1 /DYNAMICBASE /FIXED:NO /NXCOMPAT /MACHINE:X86 Debug\app.res
         Debug\AssemblyInfo.obj
         Debug\pomenyala.obj
         Debug\stdafx.obj
         "Debug\.NETFramework,Version=v4.0.AssemblyAttributes.obj"
         pomenyala.vcxproj -> C:\Users\Михаил\Documents\Visual Studio 2010\Projects\pomenyala\Debug\pomenyala.exe
       Manifest:
         C:\Program Files\Microsoft SDKs\Windows\v7.0A\bin\mt.exe /nologo /verbose /outputresource:"C:\Users\Михаил\Documents\Visual Studio 2010\Projects\pomenyala\Debug\pomenyala.exe;#1" /manifest Debug\pomenyala.exe.intermediate.manifest
       FinalizeBuildStatus:
         Файл "Debug\pomenyala.unsuccessfulbuild" удаляется.
         Обращение к "Debug\pomenyala.lastbuildstate".
     1>Построение проекта "C:\Users\Михаил\Documents\Visual Studio 2010\Projects\pomenyala\pomenyala\pomenyala.vcxproj" завершено (целевые объекты build).

Построение успешно завершено.

Затраченное время: 00:00:03.18
